<?xml version="1.0" encoding="UTF-8"?>
<!-- Generated by org.testng.reporters.JUnitReportReporter -->
<testsuite hostname="DESKTOP-GF57R6E" failures="0" tests="13" name="com.jodayn.HomePage" time="106.589" errors="0" timestamp="2023-08-04T12:52:58 AST" skipped="0">
  <testcase classname="com.jodayn.HomePage" name="serviceslinks" time="7.731"/>
  <testcase classname="com.jodayn.HomePage" name="footerlinks" time="7.884"/>
  <testcase classname="com.jodayn.HomePage" name="servicesimages" time="8.208"/>
  <testcase classname="com.jodayn.HomePage" name="socialMediaLinks" time="7.891"/>
  <testcase classname="com.jodayn.HomePage" name="images" time="9.428"/>
  <testcase classname="com.jodayn.HomePage" name="partners" time="7.739"/>
  <testcase classname="com.jodayn.HomePage" name="footertext" time="7.820"/>
  <testcase classname="com.jodayn.HomePage" name="emailsubscription" time="11.545"/>
  <testcase classname="com.jodayn.HomePage" name="socialMedia" time="7.570"/>
  <testcase classname="com.jodayn.HomePage" name="title" time="7.524"/>
  <testcase classname="com.jodayn.HomePage" name="logo" time="7.549"/>
  <testcase classname="com.jodayn.HomePage" name="menu" time="7.901"/>
  <testcase classname="com.jodayn.HomePage" name="links" time="7.799"/>
</testsuite> <!-- com.jodayn.HomePage -->
