<?xml version="1.0" encoding="UTF-8"?>
<!-- Generated by org.testng.reporters.JUnitReportReporter -->
<testsuite hostname="DESKTOP-GF57R6E" failures="0" tests="7" name="com.jodayn.HomePage" time="59.529" errors="0" timestamp="2023-08-04T03:07:33 AST" skipped="0">
  <testcase classname="com.jodayn.HomePage" name="title" time="7.737"/>
  <testcase classname="com.jodayn.HomePage" name="images" time="9.471"/>
  <testcase classname="com.jodayn.HomePage" name="links" time="7.083"/>
  <testcase classname="com.jodayn.HomePage" name="logo" time="7.832"/>
  <testcase classname="com.jodayn.HomePage" name="socialMediaLinks" time="14.057"/>
  <testcase classname="com.jodayn.HomePage" name="menu" time="6.773"/>
  <testcase classname="com.jodayn.HomePage" name="socialMedia" time="6.576"/>
</testsuite> <!-- com.jodayn.HomePage -->
