<?xml version="1.0" encoding="UTF-8"?>
<!-- Generated by org.testng.reporters.JUnitReportReporter -->
<testsuite hostname="DESKTOP-GF57R6E" failures="0" tests="13" name="com.jodayn.HomePage" time="103.652" errors="0" timestamp="2023-08-05T20:50:54 AST" skipped="0">
  <testcase classname="com.jodayn.HomePage" name="footerlinks" time="7.618"/>
  <testcase classname="com.jodayn.HomePage" name="socialMediaLinks" time="7.975"/>
  <testcase classname="com.jodayn.HomePage" name="servicesimages" time="7.324"/>
  <testcase classname="com.jodayn.HomePage" name="logo" time="6.198"/>
  <testcase classname="com.jodayn.HomePage" name="title" time="8.172"/>
  <testcase classname="com.jodayn.HomePage" name="footertext" time="7.542"/>
  <testcase classname="com.jodayn.HomePage" name="serviceslinks" time="6.387"/>
  <testcase classname="com.jodayn.HomePage" name="socialMedia" time="7.535"/>
  <testcase classname="com.jodayn.HomePage" name="links" time="9.708"/>
  <testcase classname="com.jodayn.HomePage" name="emailsubscription" time="11.523"/>
  <testcase classname="com.jodayn.HomePage" name="images" time="9.420"/>
  <testcase classname="com.jodayn.HomePage" name="menu" time="6.913"/>
  <testcase classname="com.jodayn.HomePage" name="partners" time="7.337"/>
</testsuite> <!-- com.jodayn.HomePage -->
