<?xml version="1.0" encoding="UTF-8"?>
<!-- Generated by org.testng.reporters.JUnitReportReporter -->
<testsuite hostname="DESKTOP-GF57R6E" failures="0" tests="12" name="com.jodayn.ContactUs" time="109.240" errors="0" timestamp="2023-08-06T12:08:48 AST" skipped="0">
  <testcase classname="com.jodayn.ContactUs" name="ContactUs" time="8.870"/>
  <testcase classname="com.jodayn.ContactUs" name="ContactUs" time="8.964"/>
  <testcase classname="com.jodayn.ContactUs" name="ContactUs" time="8.687"/>
  <testcase classname="com.jodayn.ContactUs" name="ContactUs" time="9.292"/>
  <testcase classname="com.jodayn.ContactUs" name="ContactUs" time="9.167"/>
  <testcase classname="com.jodayn.ContactUs" name="ContactUs" time="9.727"/>
  <testcase classname="com.jodayn.ContactUs" name="ContactUs" time="9.172"/>
  <testcase classname="com.jodayn.ContactUs" name="ContactUs" time="9.116"/>
  <testcase classname="com.jodayn.ContactUs" name="ContactUs" time="9.297"/>
  <testcase classname="com.jodayn.ContactUs" name="ContactUs" time="8.688"/>
  <testcase classname="com.jodayn.ContactUs" name="ContactUs" time="8.984"/>
  <testcase classname="com.jodayn.ContactUs" name="ContactUs" time="9.276"/>
</testsuite> <!-- com.jodayn.ContactUs -->
