<?xml version="1.0" encoding="UTF-8"?>
<!-- Generated by org.testng.reporters.JUnitReportReporter -->
<testsuite hostname="DESKTOP-GF57R6E" failures="0" tests="13" name="com.jodayn.HomePage" time="94.945" errors="0" timestamp="2023-08-06T12:08:48 AST" skipped="0">
  <testcase classname="com.jodayn.HomePage" name="menu" time="6.592"/>
  <testcase classname="com.jodayn.HomePage" name="emailsubscription" time="11.472"/>
  <testcase classname="com.jodayn.HomePage" name="socialMediaLinks" time="6.756"/>
  <testcase classname="com.jodayn.HomePage" name="partners" time="6.762"/>
  <testcase classname="com.jodayn.HomePage" name="footerlinks" time="7.863"/>
  <testcase classname="com.jodayn.HomePage" name="footertext" time="7.060"/>
  <testcase classname="com.jodayn.HomePage" name="images" time="8.083"/>
  <testcase classname="com.jodayn.HomePage" name="logo" time="6.942"/>
  <testcase classname="com.jodayn.HomePage" name="servicesimages" time="7.108"/>
  <testcase classname="com.jodayn.HomePage" name="links" time="6.678"/>
  <testcase classname="com.jodayn.HomePage" name="socialMedia" time="6.825"/>
  <testcase classname="com.jodayn.HomePage" name="title" time="6.437"/>
  <testcase classname="com.jodayn.HomePage" name="serviceslinks" time="6.367"/>
</testsuite> <!-- com.jodayn.HomePage -->
